<testsuites id="" name="" tests="15" failures="1" skipped="0" errors="0" time="21.26968">
<testsuite name="careers.spec.ts" timestamp="2026-04-15T16:45:09.717Z" hostname="chromium" tests="4" failures="0" skipped="0" time="14.156" errors="0">
<testcase name="Careers Page › loads the careers page with a title" classname="careers.spec.ts" time="3.346">
</testcase>
<testcase name="Careers Page › displays a page heading" classname="careers.spec.ts" time="3.666">
</testcase>
<testcase name="Careers Page › page has meaningful content (not blank)" classname="careers.spec.ts" time="3.492">
</testcase>
<testcase name="Careers Page › contains navigation to other pages" classname="careers.spec.ts" time="3.652">
</testcase>
</testsuite>
<testsuite name="contact.spec.ts" timestamp="2026-04-15T16:45:09.717Z" hostname="chromium" tests="5" failures="1" skipped="0" time="23.771" errors="0">
<testcase name="Contact Page › loads the contact page with a title" classname="contact.spec.ts" time="2.894">
</testcase>
<testcase name="Contact Page › displays the contact form" classname="contact.spec.ts" time="2.863">
</testcase>
<testcase name="Contact Page › has input fields in the form" classname="contact.spec.ts" time="2.569">
</testcase>
<testcase name="Contact Page › shows validation errors when form is submitted empty" classname="contact.spec.ts" time="13.093">
<failure message="contact.spec.ts:37:9 shows validation errors when form is submitted empty" type="FAILURE">
<![CDATA[  [chromium] › contact.spec.ts:37:9 › Contact Page › shows validation errors when form is submitted empty 

    Error: expect(locator).toBeVisible() failed

    Locator: getByText('First name is required')
    Expected: visible
    Timeout: 10000ms
    Error: element(s) not found

    Call log:
      - Expect "toBeVisible" with timeout 10000ms
      - waiting for getByText('First name is required')


      40 |         await submitButton.click()
      41 |
    > 42 |         await expect(page.getByText('First name is required')).toBeVisible({ timeout: 10000 })
         |                                                                ^
      43 |         await expect(page.getByText('Last name is required')).toBeVisible({ timeout: 10000 })
      44 |         await expect(page.getByText('Email is required')).toBeVisible({ timeout: 10000 })
      45 |     })
        at C:\Users\kpg78\Downloads\workspace-romega-projects\RS_Web\romega-next\e2e\contact.spec.ts:42:64

    attachment #1: screenshot (image/png) ──────────────────────────────────────────────────────────
    ..\test-results\contact-Contact-Page-shows-db855-hen-form-is-submitted-empty-chromium\test-failed-1.png
    ────────────────────────────────────────────────────────────────────────────────────────────────

    Error Context: ..\test-results\contact-Contact-Page-shows-db855-hen-form-is-submitted-empty-chromium\error-context.md
]]>
</failure>
<system-out>
<![CDATA[
[[ATTACHMENT|..\test-results\contact-Contact-Page-shows-db855-hen-form-is-submitted-empty-chromium\test-failed-1.png]]

[[ATTACHMENT|..\test-results\contact-Contact-Page-shows-db855-hen-form-is-submitted-empty-chromium\error-context.md]]
]]>
</system-out>
</testcase>
<testcase name="Contact Page › page renders without crashing" classname="contact.spec.ts" time="2.352">
</testcase>
</testsuite>
<testsuite name="homepage.spec.ts" timestamp="2026-04-15T16:45:09.717Z" hostname="chromium" tests="6" failures="0" skipped="0" time="19.705" errors="0">
<testcase name="Homepage › loads successfully and has a title" classname="homepage.spec.ts" time="4.091">
</testcase>
<testcase name="Homepage › renders the main navigation" classname="homepage.spec.ts" time="3.985">
</testcase>
<testcase name="Homepage › has a visible main content area" classname="homepage.spec.ts" time="4.01">
</testcase>
<testcase name="Homepage › renders hero media with safe fallback" classname="homepage.spec.ts" time="3.005">
</testcase>
<testcase name="Homepage › contains a link to the Contact page" classname="homepage.spec.ts" time="3.093">
</testcase>
<testcase name="Homepage › page renders without crashing" classname="homepage.spec.ts" time="1.521">
</testcase>
</testsuite>
</testsuites>