<testsuites id="" name="" tests="15" failures="4" skipped="11" errors="0" time="21.472133999999997">
<testsuite name="careers.spec.ts" timestamp="2026-03-20T15:34:17.530Z" hostname="chromium" tests="4" failures="2" skipped="2" time="10.651" errors="0">
<testcase name="Careers Page › loads the careers page with a title" classname="careers.spec.ts" time="2.653">
<failure message="careers.spec.ts:17:9 loads the careers page with a title" type="FAILURE">
<![CDATA[  [chromium] › careers.spec.ts:17:9 › Careers Page › loads the careers page with a title ───────────

    Error: page.goto: Target page, context or browser has been closed
    Call log:
      - navigating to "http://localhost:3000/careers", waiting until "domcontentloaded"


       9 | test.describe('Careers Page', () => {
      10 |     test.beforeEach(async ({ page }) => {
    > 11 |         const response = await page.goto('/careers', { waitUntil: 'domcontentloaded' })
         |                                     ^
      12 |         expect(response?.ok(), `GET /careers failed with status ${response?.status()}`).toBeTruthy()
      13 |         await expect(page).toHaveURL(/\/careers\/?$/)
      14 |         await expect(page.getByRole('heading', { level: 1, name: /explore leadership opportunities/i })).toBeVisible({ timeout: 30000 })
        at C:\Users\kpg78\Downloads\WORK\PROJECTS\romega-solutions\romega-solutions-website\romega-next\e2e\careers.spec.ts:11:37

    Error: browserContext.close: Test ended.
    Browser logs:

    <launching> C:\Users\kpg78\AppData\Local\ms-playwright\chromium_headless_shell-1208\chrome-headless-shell-win64\chrome-headless-shell.exe --disable-field-trial-config --disable-background-networking --disable-background-timer-throttling --disable-backgrounding-occluded-windows --disable-back-forward-cache --disable-breakpad --disable-client-side-phishing-detection --disable-component-extensions-with-background-pages --disable-component-update --no-default-browser-check --disable-default-apps --disable-dev-shm-usage --disable-extensions --disable-features=AvoidUnnecessaryBeforeUnloadCheckSync,BoundaryEventDispatchTracksNodeRemoval,DestroyProfileOnBrowserClose,DialMediaRouteProvider,GlobalMediaControls,HttpsUpgrades,LensOverlay,MediaRouter,PaintHolding,ThirdPartyStoragePartitioning,Translate,AutoDeElevate,RenderDocument,OptimizationHints --enable-features=CDPScreenshotNewSurface --allow-pre-commit-input --disable-hang-monitor --disable-ipc-flooding-protection --disable-popup-blocking --disable-prompt-on-repost --disable-renderer-backgrounding --force-color-profile=srgb --metrics-recording-only --no-first-run --password-store=basic --use-mock-keychain --no-service-autorun --export-tagged-pdf --disable-search-engine-choice-screen --unsafely-disable-devtools-self-xss-warnings --edge-skip-compat-layer-relaunch --enable-automation --disable-infobars --disable-search-engine-choice-screen --disable-sync --enable-unsafe-swiftshader --headless --hide-scrollbars --mute-audio --blink-settings=primaryHoverType=2,availableHoverTypes=2,primaryPointerType=4,availablePointerTypes=4 --no-sandbox --user-data-dir=C:\Users\kpg78\AppData\Local\Temp\playwright_chromiumdev_profile-FlzIDC --remote-debugging-pipe --no-startup-window
    <launched> pid=28664
]]>
</failure>
</testcase>
<testcase name="Careers Page › displays a page heading" classname="careers.spec.ts" time="2.583">
<failure message="careers.spec.ts:23:9 displays a page heading" type="FAILURE">
<![CDATA[  [chromium] › careers.spec.ts:23:9 › Careers Page › displays a page heading ───────────────────────

    Error: page.goto: Target page, context or browser has been closed
    Call log:
      - navigating to "http://localhost:3000/careers", waiting until "domcontentloaded"


       9 | test.describe('Careers Page', () => {
      10 |     test.beforeEach(async ({ page }) => {
    > 11 |         const response = await page.goto('/careers', { waitUntil: 'domcontentloaded' })
         |                                     ^
      12 |         expect(response?.ok(), `GET /careers failed with status ${response?.status()}`).toBeTruthy()
      13 |         await expect(page).toHaveURL(/\/careers\/?$/)
      14 |         await expect(page.getByRole('heading', { level: 1, name: /explore leadership opportunities/i })).toBeVisible({ timeout: 30000 })
        at C:\Users\kpg78\Downloads\WORK\PROJECTS\romega-solutions\romega-solutions-website\romega-next\e2e\careers.spec.ts:11:37
]]>
</failure>
</testcase>
<testcase name="Careers Page › page has meaningful content (not blank)" classname="careers.spec.ts" time="2.697">
<skipped>
</skipped>
</testcase>
<testcase name="Careers Page › contains navigation to other pages" classname="careers.spec.ts" time="2.718">
<skipped>
</skipped>
</testcase>
</testsuite>
<testsuite name="contact.spec.ts" timestamp="2026-03-20T15:34:17.530Z" hostname="chromium" tests="5" failures="2" skipped="3" time="5.168" errors="0">
<testcase name="Contact Page › loads the contact page with a title" classname="contact.spec.ts" time="2.622">
<failure message="contact.spec.ts:18:9 loads the contact page with a title" type="FAILURE">
<![CDATA[  [chromium] › contact.spec.ts:18:9 › Contact Page › loads the contact page with a title ───────────

    Error: page.goto: Target page, context or browser has been closed
    Call log:
      - navigating to "http://localhost:3000/contact", waiting until "domcontentloaded"


      10 | test.describe('Contact Page', () => {
      11 |     test.beforeEach(async ({ page }) => {
    > 12 |         const response = await page.goto('/contact', { waitUntil: 'domcontentloaded' })
         |                                     ^
      13 |         expect(response?.ok(), `GET /contact failed with status ${response?.status()}`).toBeTruthy()
      14 |         await expect(page).toHaveURL(/\/contact\/?$/)
      15 |         await expect(page.getByRole('heading', { level: 1, name: /contact us/i })).toBeVisible({ timeout: 30000 })
        at C:\Users\kpg78\Downloads\WORK\PROJECTS\romega-solutions\romega-solutions-website\romega-next\e2e\contact.spec.ts:12:37
]]>
</failure>
</testcase>
<testcase name="Contact Page › displays the contact form" classname="contact.spec.ts" time="2.546">
<failure message="contact.spec.ts:24:9 displays the contact form" type="FAILURE">
<![CDATA[  [chromium] › contact.spec.ts:24:9 › Contact Page › displays the contact form ─────────────────────

    Error: page.goto: Target page, context or browser has been closed
    Call log:
      - navigating to "http://localhost:3000/contact", waiting until "domcontentloaded"


      10 | test.describe('Contact Page', () => {
      11 |     test.beforeEach(async ({ page }) => {
    > 12 |         const response = await page.goto('/contact', { waitUntil: 'domcontentloaded' })
         |                                     ^
      13 |         expect(response?.ok(), `GET /contact failed with status ${response?.status()}`).toBeTruthy()
      14 |         await expect(page).toHaveURL(/\/contact\/?$/)
      15 |         await expect(page.getByRole('heading', { level: 1, name: /contact us/i })).toBeVisible({ timeout: 30000 })
        at C:\Users\kpg78\Downloads\WORK\PROJECTS\romega-solutions\romega-solutions-website\romega-next\e2e\contact.spec.ts:12:37
]]>
</failure>
</testcase>
<testcase name="Contact Page › has input fields in the form" classname="contact.spec.ts" time="0">
<skipped>
</skipped>
</testcase>
<testcase name="Contact Page › shows validation errors when form is submitted empty" classname="contact.spec.ts" time="0">
<skipped>
</skipped>
</testcase>
<testcase name="Contact Page › page renders without crashing" classname="contact.spec.ts" time="0">
<skipped>
</skipped>
</testcase>
</testsuite>
<testsuite name="homepage.spec.ts" timestamp="2026-03-20T15:34:17.530Z" hostname="chromium" tests="6" failures="0" skipped="6" time="0" errors="0">
<testcase name="Homepage › loads successfully and has a title" classname="homepage.spec.ts" time="0">
<skipped>
</skipped>
</testcase>
<testcase name="Homepage › renders the main navigation" classname="homepage.spec.ts" time="0">
<skipped>
</skipped>
</testcase>
<testcase name="Homepage › has a visible main content area" classname="homepage.spec.ts" time="0">
<skipped>
</skipped>
</testcase>
<testcase name="Homepage › renders hero media with safe fallback" classname="homepage.spec.ts" time="0">
<skipped>
</skipped>
</testcase>
<testcase name="Homepage › contains a link to the Contact page" classname="homepage.spec.ts" time="0">
<skipped>
</skipped>
</testcase>
<testcase name="Homepage › page renders without crashing" classname="homepage.spec.ts" time="0">
<skipped>
</skipped>
</testcase>
</testsuite>
</testsuites>